<?xml version="1.0" encoding="utf-8"?><testsuites name="pytest tests"><testsuite name="pytest" errors="0" failures="0" skipped="0" tests="16" time="3.147" timestamp="2026-04-24T05:43:32.650182+00:00" hostname="agent-env-88e75546-a45d-4790-8470-cfd7a32c425b"><testcase classname="backend.tests.test_phase4.TestOrderEditLock" name="test_order_edit_allowed_when_no_invoice" time="0.679" /><testcase classname="backend.tests.test_phase4.TestOrderEditLock" name="test_order_edit_blocked_when_invoice_exists" time="0.183" /><testcase classname="backend.tests.test_phase4.TestInvoiceHybrid" name="test_manual_invoice_number" time="0.086" /><testcase classname="backend.tests.test_phase4.TestInvoiceHybrid" name="test_auto_numbering_still_works" time="0.045" /><testcase classname="backend.tests.test_phase4.TestInvoiceHybrid" name="test_backdated_created_at" time="0.048" /><testcase classname="backend.tests.test_phase4.TestInvoiceHybrid" name="test_from_order_manual_number" time="0.092" /><testcase classname="backend.tests.test_phase4.TestPurchaseHybrid" name="test_manual_purchase_number" time="0.086" /><testcase classname="backend.tests.test_phase4.TestReturns" name="test_create_return_and_returned_stock" time="0.315" /><testcase classname="backend.tests.test_phase4.TestReturns" name="test_order_using_returned_stock" time="0.259" /><testcase classname="backend.tests.test_phase4.TestReturns" name="test_returned_stock_over_consume" time="0.044" /><testcase classname="backend.tests.test_phase4.TestReturns" name="test_delete_return_blocks_if_used" time="0.045" /><testcase classname="backend.tests.test_phase4.TestReturns" name="test_manual_opening_returned_stock" time="0.088" /><testcase classname="backend.tests.test_phase4.TestReturns" name="test_delete_returned_stock_customer_return_blocked" time="0.064" /><testcase classname="backend.tests.test_phase4.TestCustomerOutstanding" name="test_outstanding_includes_opening_and_returns" time="0.141" /><testcase classname="backend.tests.test_phase4.TestSupplierPayable" name="test_payable_includes_opening" time="0.051" /><testcase classname="backend.tests.test_phase4.TestPaymentBackdated" name="test_payment_created_at" time="0.824" /></testsuite></testsuites>