<?xml version="1.0" encoding="utf-8"?><testsuites name="pytest tests"><testsuite name="pytest" errors="0" failures="0" skipped="0" tests="18" time="4.482" timestamp="2026-04-20T15:45:28.601104+00:00" hostname="agent-env-d27e747a-05a3-446f-9d8d-c731c2de4b42"><testcase classname="backend.tests.test_phase2" name="test_health" time="0.315" /><testcase classname="backend.tests.test_phase2" name="test_login_invalid" time="0.160" /><testcase classname="backend.tests.test_phase2" name="test_me" time="0.417" /><testcase classname="backend.tests.test_phase2" name="test_order_auto_creates_supplier_payable" time="0.483" /><testcase classname="backend.tests.test_phase2" name="test_order_get_returns_profit" time="0.062" /><testcase classname="backend.tests.test_phase2" name="test_assign_supplier_resyncs_purchases" time="0.275" /><testcase classname="backend.tests.test_phase2" name="test_status_forward_and_backward" time="0.293" /><testcase classname="backend.tests.test_phase2" name="test_delete_order_removes_auto_purchases" time="0.234" /><testcase classname="backend.tests.test_phase2" name="test_invoice_status_filter_and_paid_amount" time="0.554" /><testcase classname="backend.tests.test_phase2" name="test_customer_profile_fields" time="0.064" /><testcase classname="backend.tests.test_phase2" name="test_supplier_profile_fields" time="0.060" /><testcase classname="backend.tests.test_phase2" name="test_reports" time="0.175" /><testcase classname="backend.tests.test_phase2" name="test_analytics_periods[30d]" time="0.174" /><testcase classname="backend.tests.test_phase2" name="test_analytics_periods[60d]" time="0.169" /><testcase classname="backend.tests.test_phase2" name="test_analytics_periods[90d]" time="0.163" /><testcase classname="backend.tests.test_phase2" name="test_analytics_periods[1y]" time="0.162" /><testcase classname="backend.tests.test_phase2" name="test_analytics_periods[all]" time="0.169" /><testcase classname="backend.tests.test_phase2" name="test_dashboard_summary" time="0.481" /></testsuite></testsuites>