<?xml version="1.0" encoding="utf-8"?><testsuites name="pytest tests"><testsuite name="pytest" errors="0" failures="0" skipped="0" tests="13" time="2.986" timestamp="2026-04-23T14:34:10.118441+00:00" hostname="agent-env-88e75546-a45d-4790-8470-cfd7a32c425b"><testcase classname="backend.tests.test_phase3.TestMultiCheque" name="test_multi_cheque_sum_match_succeeds" time="1.007" /><testcase classname="backend.tests.test_phase3.TestMultiCheque" name="test_multi_cheque_mismatch_rejected" time="0.049" /><testcase classname="backend.tests.test_phase3.TestMultiCheque" name="test_cheque_missing_number_rejected" time="0.052" /><testcase classname="backend.tests.test_phase3.TestEditPayment" name="test_update_amount_recalcs_invoice" time="0.342" /><testcase classname="backend.tests.test_phase3.TestEditPayment" name="test_update_nonexistent_returns_404" time="0.049" /><testcase classname="backend.tests.test_phase3.TestPaymentReports" name="test_customer_payments_report" time="0.155" /><testcase classname="backend.tests.test_phase3.TestPaymentReports" name="test_supplier_payments_report" time="0.152" /><testcase classname="backend.tests.test_phase3.TestFinancialSummary" name="test_financial_summary_fields" time="0.060" /><testcase classname="backend.tests.test_phase3.TestFinancialSummary" name="test_financial_summary_empty_range_zeros" time="0.063" /><testcase classname="backend.tests.test_phase3.TestCounters" name="test_get_counters_shape" time="0.053" /><testcase classname="backend.tests.test_phase3.TestCounters" name="test_set_counter_below_max_rejected" time="0.054" /><testcase classname="backend.tests.test_phase3.TestCounters" name="test_set_counter_updates_and_next_invoice_uses_it" time="0.447" /><testcase classname="backend.tests.test_phase3.TestCounters" name="test_invalid_counter_name_400" time="0.356" /></testsuite></testsuites>